[debug] [2023-07-10T09:41:37.283Z] ----------------------------------------------------------------------
[debug] [2023-07-10T09:41:37.285Z] Command:       C:\Program Files\nodejs\node.exe C:\Users\SaishNaik\AppData\Roaming\npm\node_modules\firebase-tools\lib\bin\firebase.js init
[debug] [2023-07-10T09:41:37.285Z] CLI Version:   12.4.3
[debug] [2023-07-10T09:41:37.285Z] Platform:      win32
[debug] [2023-07-10T09:41:37.286Z] Node Version:  v18.16.0
[debug] [2023-07-10T09:41:37.287Z] Time:          Mon Jul 10 2023 15:11:37 GMT+0530 (India Standard Time)
[debug] [2023-07-10T09:41:37.287Z] ----------------------------------------------------------------------
[debug] 
[debug] [2023-07-10T09:41:37.294Z] > command requires scopes: ["email","openid","https://www.googleapis.com/auth/cloudplatformprojects.readonly","https://www.googleapis.com/auth/firebase","https://www.googleapis.com/auth/cloud-platform"]
[debug] [2023-07-10T09:41:37.294Z] > authorizing via signed-in user (sayeesh.mn@gmail.com)
[info] 
     ######## #### ########  ######## ########     ###     ######  ########
     ##        ##  ##     ## ##       ##     ##  ##   ##  ##       ##
     ######    ##  ########  ######   ########  #########  ######  ######
     ##        ##  ##    ##  ##       ##     ## ##     ##       ## ##
     ##       #### ##     ## ######## ########  ##     ##  ######  ########

You're about to initialize a Firebase project in this directory:

  D:\GitHub\ChatAI_Frontend

[info] 
=== Project Setup
[info] 
[info] First, let's associate this project directory with a Firebase project.
[info] You can create multiple project aliases by running firebase use --add, 
[info] but for now we'll just set up a default project.
[info] 
[debug] [2023-07-10T09:42:26.408Z] >>> [apiv2][query] GET https://firebase.googleapis.com/v1beta1/projects pageSize=100
[debug] [2023-07-10T09:42:27.601Z] <<< [apiv2][status] GET https://firebase.googleapis.com/v1beta1/projects 200
[debug] [2023-07-10T09:42:27.601Z] <<< [apiv2][body] GET https://firebase.googleapis.com/v1beta1/projects [omitted]
[info] i  Using project chatai2-91ebb (ChatAI2) 
[info] 
=== Hosting Setup
[info] 
[info] Your public directory is the folder (relative to your project directory) that
[info] will contain Hosting assets to be uploaded with firebase deploy. If you
[info] have a build process for your assets, use your build's output directory.
[info] 
